<?xml version="1.0" encoding="UTF-8"?>
<!-- Generated by org.testng.reporters.JUnitReportReporter -->
<testsuite skipped="0" hostname="DESKTOP-606735N" name="com.pack.IhgJoinTest" tests="1" failures="0" timestamp="28 Feb 2022 00:36:48 GMT" time="16.749" errors="0">
  <testcase name="enterData" time="16.749" classname="com.pack.IhgJoinTest"/>
</testsuite> <!-- com.pack.IhgJoinTest -->
